Performing system checks...

System check identified no issues (0 silenced).
April 25, 2026 - 07:06:36
Django version 4.2.11, using settings 'config.settings'
Starting development server at http://0.0.0.0:8000/
Quit the server with CONTROL-C.

Performing system checks...

System check identified no issues (0 silenced).
April 25, 2026 - 07:08:54
Django version 4.2.11, using settings 'config.settings'
Starting development server at http://0.0.0.0:8000/
Quit the server with CONTROL-C.

Performing system checks...

System check identified no issues (0 silenced).
April 25, 2026 - 07:13:15
Django version 4.2.11, using settings 'config.settings'
Starting development server at http://0.0.0.0:8000/
Quit the server with CONTROL-C.

Performing system checks...

System check identified no issues (0 silenced).
April 25, 2026 - 07:58:51
Django version 4.2.11, using settings 'config.settings'
Starting development server at http://0.0.0.0:8000/
Quit the server with CONTROL-C.

Performing system checks...

System check identified no issues (0 silenced).
April 25, 2026 - 07:58:58
Django version 4.2.11, using settings 'config.settings'
Starting development server at http://0.0.0.0:8000/
Quit the server with CONTROL-C.

Performing system checks...

Performing system checks...

Performing system checks...

System check identified no issues (0 silenced).
April 25, 2026 - 08:00:59
Django version 4.2.11, using settings 'config.settings'
Starting development server at http://0.0.0.0:8000/
Quit the server with CONTROL-C.

Performing system checks...

System check identified no issues (0 silenced).
April 25, 2026 - 08:03:38
Django version 4.2.11, using settings 'config.settings'
Starting development server at http://0.0.0.0:8000/
Quit the server with CONTROL-C.

Performing system checks...

System check identified no issues (0 silenced).
April 25, 2026 - 08:40:29
Django version 4.2.11, using settings 'config.settings'
Starting development server at http://0.0.0.0:8000/
Quit the server with CONTROL-C.

Performing system checks...

System check identified no issues (0 silenced).
April 25, 2026 - 08:40:40
Django version 4.2.11, using settings 'config.settings'
Starting development server at http://0.0.0.0:8000/
Quit the server with CONTROL-C.

Performing system checks...

System check identified no issues (0 silenced).
April 25, 2026 - 08:42:10
Django version 4.2.11, using settings 'config.settings'
Starting development server at http://0.0.0.0:8000/
Quit the server with CONTROL-C.

Performing system checks...

System check identified no issues (0 silenced).
April 25, 2026 - 08:43:38
Django version 4.2.11, using settings 'config.settings'
Starting development server at http://0.0.0.0:8000/
Quit the server with CONTROL-C.

Performing system checks...

System check identified no issues (0 silenced).
April 25, 2026 - 08:50:18
Django version 4.2.11, using settings 'config.settings'
Starting development server at http://0.0.0.0:8000/
Quit the server with CONTROL-C.

Performing system checks...

System check identified no issues (0 silenced).
April 25, 2026 - 08:50:35
Django version 4.2.11, using settings 'config.settings'
Starting development server at http://0.0.0.0:8000/
Quit the server with CONTROL-C.

